Arguments: 
  /Users/olliniinioja/.local/share/nvm/v18.17.1/bin/node /Users/olliniinioja/.cache/node/corepack/yarn/1.22.19/bin/yarn.js init -3

PATH: 
  /Users/olliniinioja/.local/share/nvm/v18.17.1/bin:/Users/olliniinioja/.jenv/shims:/Users/olliniinioja/.jenv/shims:/Library/Internet Plug-Ins/JavaAppletPlugin.plugin/Contents/Home/bin:/usr/local/share/android-sdk/tools:/Users/olliniinioja/dev/sdks/air/current/atftools:/Users/olliniinioja/.local/bin:/Users/olliniinioja/.jenv/bin:/usr/local/bin:/usr/bin:/bin:/usr/sbin:/sbin

Yarn version: 
  1.22.19

Node version: 
  18.17.1

Platform: 
  darwin x64

Trace: 
  Error: canceled
      at Interface.<anonymous> (/Users/olliniinioja/.cache/node/corepack/yarn/1.22.19/lib/cli.js:137150:13)
      at Interface.emit (node:events:514:28)
      at [_ttyWrite] [as _ttyWrite] (node:internal/readline/interface:1131:18)
      at ReadStream.onkeypress (node:internal/readline/interface:270:20)
      at ReadStream.emit (node:events:514:28)
      at emitKeys (node:internal/readline/utils:357:14)
      at emitKeys.next (<anonymous>)
      at ReadStream.onData (node:internal/readline/emitKeypressEvents:64:36)
      at ReadStream.emit (node:events:514:28)
      at addChunk (node:internal/streams/readable:324:12)

npm manifest: 
  No manifest

yarn manifest: 
  No manifest

Lockfile: 
  No lockfile
